2 234 230 
1 221 
1 36 
1 167 
1 168 
1 65 
1 34 
1 179 
1 99 
1 108 
1 54 
1 184 
1 216 
1 275 
1 110 
1 180 
1 87 
1 33 
1 41 
1 164 
1 116 
1 8 
1 88 
1 72 
1 4 
1 299 
1 286 
1 0 
1 80 
1 134 
1 7 
1 103 
1 296 
1 24 
1 212 
1 85 
1 249 
1 246 
1 210 
1 75 
1 62 
1 220 
1 161 
1 159 
1 294 
1 13 
1 162 
1 92 
1 148 
1 133 
1 203 
1 193 
1 127 
1 276 
1 58 
1 259 
1 136 
1 95 
1 137 
1 260 
1 150 
1 227 
1 56 
1 144 
1 107 
1 225 
1 218 
1 171 
1 263 
1 105 
1 187 
1 74 
1 38 
1 267 
1 261 
1 273 
1 125 
1 198 
1 18 
1 44 
1 19 
1 15 
1 290 
1 285 
1 60 
1 57 
1 200 
1 63 
1 113 
1 129 
1 166 
1 53 
1 232 
1 226 
1 79 
1 245 
1 91 
1 21 
1 32 
1 156 